<?xml version="1.0" encoding="UTF-8"?>
<!-- Generated by org.testng.reporters.JUnitReportReporter -->
<testsuite skipped="0" hostname="admin-PC" name="com.mt.modules.Launch" tests="1" failures="0" timestamp="01 Sep 2019 16:27:33 GMT" time="19.045" errors="0">
  <testcase name="executeLaunch" time="19.045" classname="com.mt.modules.Launch"/>
</testsuite> <!-- com.mt.modules.Launch -->
