<?xml version="1.0" encoding="UTF-8"?>
<!-- Generated by org.testng.reporters.JUnitReportReporter -->
<testsuite skipped="0" hostname="admin-PC" name="com.mt.modules.Login" tests="1" failures="0" timestamp="01 Sep 2019 16:27:33 GMT" time="5.574" errors="0">
  <testcase name="executeLogin" time="5.574" classname="com.mt.modules.Login"/>
</testsuite> <!-- com.mt.modules.Login -->
