<?xml version="1.0" encoding="UTF-8"?>
<!-- Generated by org.testng.reporters.JUnitReportReporter -->
<testsuite skipped="0" hostname="admin-PC" name="com.mt.modules.Launch" tests="1" failures="0" timestamp="03 Sep 2019 19:03:07 GMT" time="15.920" errors="0">
  <testcase name="executeLaunch" time="15.920" classname="com.mt.modules.Launch"/>
</testsuite> <!-- com.mt.modules.Launch -->
