<?xml version="1.0" encoding="UTF-8"?>
<!-- Generated by org.testng.reporters.JUnitReportReporter -->
<testsuite skipped="0" hostname="admin-PC" name="com.mt.modules.Login" tests="1" failures="0" timestamp="03 Sep 2019 19:03:07 GMT" time="10.274" errors="0">
  <testcase name="executeLogin" time="10.274" classname="com.mt.modules.Login"/>
</testsuite> <!-- com.mt.modules.Login -->
